ohos_build_compiler: gcc
hks_config_lite.h
Done. Made 74 targets from 64 files in 677ms
ninja: Entering directory `D:\HuaweiMoveData\Users\20779\Desktop\huaweidzgy\3.0-lts\3.0-lts\src\out\hispark_pegasus\wifiiot_hispark_pegasus'
[1/250] gcc cross compiler obj/applications/sample/wifi-iot/app/led_demo/libled_demo.led_demo.o
[2/250] gcc cross compiler obj/base/hiviewdfx/blackbox/libblackbox.blackbox_adapter.o
[3/250] gcc cross compiler obj/base/hiviewdfx/blackbox/libblackbox.blackbox_detector.o
[4/250] gcc cross compiler obj/base/hiviewdfx/hidumper_lite/mini/libhidumper_mini.hidumper_core.o
[5/250] gcc cross compiler obj/base/hiviewdfx/hidumper_lite/mini/libhidumper_mini.hidumper_adapter.o
[6/250] gcc cross compiler obj/base/hiviewdfx/hievent_lite/frameworks/libhievent_lite.hiview_output_event.o
[7/250] gcc cross compiler obj/base/hiviewdfx/hilog_lite/frameworks/mini/libhilog_lite.hiview_log.o
[8/250] gcc cross compiler obj/base/hiviewdfx/hievent_lite/frameworks/libhievent_lite.hiview_event.o
[9/250] gcc cross compiler obj/base/hiviewdfx/hilog_lite/frameworks/mini/libhilog_lite.hiview_log_limit.o
[10/250] gcc cross compiler obj/base/hiviewdfx/hilog_lite/frameworks/mini/libhilog_lite.hiview_output_log.o
[11/250] gcc cross compiler obj/base/security/deviceauth/frameworks/deviceauth_lite/source/huks_adapter/libhichainsdk.huks_adapter.o
[12/250] gcc cross compiler obj/base/security/deviceauth/frameworks/deviceauth_lite/source/json/libhichainsdk.jsonutil.o
[13/250] gcc cross compiler obj/base/security/deviceauth/frameworks/deviceauth_lite/source/key_agreement/libhichainsdk.key_agreement_client.o
[14/250] gcc cross compiler obj/base/security/deviceauth/frameworks/deviceauth_lite/source/libhichainsdk.hichain.o
[15/250] gcc cross compiler obj/base/security/deviceauth/frameworks/deviceauth_lite/source/key_agreement/libhichainsdk.pake_server.o
[16/250] gcc cross compiler obj/base/security/deviceauth/frameworks/deviceauth_lite/source/key_agreement/libhichainsdk.pake_client.o
[17/250] gcc cross compiler obj/base/security/deviceauth/frameworks/deviceauth_lite/source/struct/libhichainsdk.pake_client_confirm.o
[18/250] gcc cross compiler obj/base/security/deviceauth/frameworks/deviceauth_lite/source/struct/libhichainsdk.auth_ack_request.o
[19/250] gcc cross compiler obj/base/security/deviceauth/frameworks/deviceauth_lite/source/json/libhichainsdk.commonutil.o
[20/250] gcc cross compiler obj/base/security/deviceauth/frameworks/deviceauth_lite/source/key_agreement/libhichainsdk.key_agreement.o
[21/250] gcc cross compiler obj/base/security/deviceauth/frameworks/deviceauth_lite/source/key_agreement/libhichainsdk.key_agreement_server.o
[22/250] gcc cross compiler obj/base/hiviewdfx/hiview_lite/libhiview_lite.hiview_config.o
[23/250] gcc cross compiler obj/base/hiviewdfx/hiview_lite/libhiview_lite.hiview_util.o
[24/250] gcc cross compiler obj/base/hiviewdfx/hiview_lite/libhiview_lite.hiview_cache.o
[25/250] gcc cross compiler obj/base/hiviewdfx/hiview_lite/libhiview_lite.hiview_service.o
[26/250] gcc cross compiler obj/base/security/deviceauth/frameworks/deviceauth_lite/source/auth_info/libhichainsdk.exchange_auth_info.o
[27/250] gcc cross compiler obj/base/security/deviceauth/frameworks/deviceauth_lite/source/auth_info/libhichainsdk.add_auth_info.o
[28/250] gcc cross compiler obj/base/security/deviceauth/frameworks/deviceauth_lite/source/auth_info/libhichainsdk.add_auth_info_client.o
[29/250] gcc cross compiler obj/base/security/deviceauth/frameworks/deviceauth_lite/source/auth_info/libhichainsdk.auth_info.o
[30/250] gcc cross compiler obj/base/security/deviceauth/frameworks/deviceauth_lite/source/auth_info/libhichainsdk.exchange_auth_info_client.o
[31/250] gcc cross compiler obj/base/security/deviceauth/frameworks/deviceauth_lite/source/auth_info/libhichainsdk.remove_auth_info_client.o
[32/250] gcc cross compiler obj/base/security/deviceauth/frameworks/deviceauth_lite/source/key_agreement/libhichainsdk.sts_server.o
[33/250] gcc cross compiler obj/base/security/deviceauth/frameworks/deviceauth_lite/source/struct/libhichainsdk.add_auth_info_request.o
[34/250] gcc cross compiler obj/base/security/deviceauth/frameworks/deviceauth_lite/source/schedule/libhichainsdk.build_object.o
[35/250] gcc cross compiler obj/base/security/deviceauth/frameworks/deviceauth_lite/source/key_agreement/libhichainsdk.sec_clone_server.o
[36/250] gcc cross compiler obj/base/security/deviceauth/frameworks/deviceauth_lite/source/schedule/libhichainsdk.distribution.o
[37/250] gcc cross compiler obj/base/security/deviceauth/frameworks/deviceauth_lite/source/struct/libhichainsdk.add_auth_info_data.o
[38/250] gcc cross compiler obj/base/security/deviceauth/frameworks/deviceauth_lite/source/key_agreement/libhichainsdk.sts_client.o
[39/250] gcc cross compiler obj/base/security/deviceauth/frameworks/deviceauth_lite/source/struct/libhichainsdk.add_auth_info_response.o
[40/250] gcc cross compiler obj/base/security/deviceauth/frameworks/deviceauth_lite/source/log/libhichainsdk.log.o
[41/250] gcc cross compiler obj/base/security/deviceauth/frameworks/deviceauth_lite/source/struct/libhichainsdk.key_agreement_version.o
[42/250] gcc cross compiler obj/base/security/deviceauth/frameworks/deviceauth_lite/source/struct/libhichainsdk.inform_message.o
[43/250] gcc cross compiler obj/base/security/deviceauth/frameworks/deviceauth_lite/source/struct/libhichainsdk.auth_start_request.o
[44/250] gcc cross compiler obj/base/security/deviceauth/frameworks/deviceauth_lite/source/struct/libhichainsdk.import_add_auth_data.o
[45/250] gcc cross compiler obj/base/security/deviceauth/frameworks/deviceauth_lite/source/struct/libhichainsdk.exchange_request.o
[46/250] gcc cross compiler obj/base/security/deviceauth/frameworks/deviceauth_lite/source/struct/libhichainsdk.auth_ack_response.o
[47/250] gcc cross compiler obj/base/security/deviceauth/frameworks/deviceauth_lite/source/struct/libhichainsdk.auth_start_response.o
[48/250] gcc cross compiler obj/base/security/deviceauth/frameworks/deviceauth_lite/source/struct/libhichainsdk.exchange_auth_data.o
[49/250] gcc cross compiler obj/base/security/deviceauth/frameworks/deviceauth_lite/source/struct/libhichainsdk.exchange_response.o
[50/250] gcc cross compiler obj/base/security/deviceauth/frameworks/deviceauth_lite/source/struct/libhichainsdk.parsedata.o
[51/250] gcc cross compiler obj/base/security/deviceauth/frameworks/deviceauth_lite/source/struct/libhichainsdk.pake_response.o
[52/250] gcc cross compiler obj/base/security/deviceauth/frameworks/deviceauth_lite/source/struct/libhichainsdk.pake_request.o
[53/250] gcc cross compiler obj/base/security/deviceauth/frameworks/deviceauth_lite/source/struct/libhichainsdk.rmv_auth_info_data.o
[54/250] gcc cross compiler obj/base/security/deviceauth/frameworks/deviceauth_lite/source/struct/libhichainsdk.rmv_auth_info_request.o
[55/250] gcc cross compiler obj/base/security/deviceauth/frameworks/deviceauth_lite/source/struct/libhichainsdk.rmv_auth_info_response.o
[56/250] gcc cross compiler obj/base/security/deviceauth/frameworks/deviceauth_lite/source/struct/libhichainsdk.sec_clone_data.o
[57/250] gcc cross compiler obj/base/security/deviceauth/frameworks/deviceauth_lite/source/struct/libhichainsdk.pake_server_confirm.o
[58/250] gcc cross compiler obj/base/security/huks/frameworks/huks_standard/main/common/src/libhuks_3.0_sdk.hks_param.o
[59/250] gcc cross compiler obj/base/security/huks/services/huks_standard/huks_service/main/core/src/libhuks_3.0_sdk.hks_client_service_adapter_lite.o
[60/250] gcc cross compiler obj/base/security/huks/frameworks/huks_standard/main/os_dependency/sysinfo/src/libhuks_3.0_sdk.hks_get_udid.o
[61/250] gcc cross compiler obj/base/security/huks/services/huks_standard/huks_service/main/os_dependency/posix/libhuks_3.0_sdk.hks_file_operator_lite.o
[62/250] gcc cross compiler obj/base/security/huks/services/huks_standard/huks_service/main/core/src/libhuks_3.0_sdk.hks_upgrade_storage_data.o
[63/250] gcc cross compiler obj/base/security/huks/services/huks_standard/huks_service/main/core/src/libhuks_3.0_sdk.hks_client_check.o
[64/250] gcc cross compiler obj/base/security/huks/frameworks/huks_standard/main/os_dependency/sysinfo/src/libhuks_3.0_sdk.hks_get_process_info_passthrough.o
[65/250] gcc cross compiler obj/base/security/huks/frameworks/huks_standard/main/os_dependency/posix/libhuks_3.0_sdk.hks_mem.o
[66/250] gcc cross compiler obj/base/security/huks/frameworks/huks_standard/main/core/src/libhuks_3.0_sdk.hks_local_engine.o
[67/250] gcc cross compiler obj/base/security/huks/frameworks/huks_standard/main/common/src/libhuks_3.0_sdk.hks_crypto_adapter.o
[68/250] gcc cross compiler obj/base/security/huks/frameworks/huks_standard/main/common/src/libhuks_3.0_sdk.hks_common_check.o
[69/250] gcc cross compiler obj/base/security/huks/services/huks_standard/huks_engine/main/core/src/libhuks_3.0_sdk.hks_auth.o
[70/250] gcc cross compiler obj/base/security/huks/frameworks/huks_standard/main/os_dependency/ipc/src/libhuks_3.0_sdk.hks_client_service_passthrough.o
[71/250] gcc cross compiler obj/base/security/huks/frameworks/huks_standard/main/crypto_engine/mbedtls/src/libhuks_3.0_sdk.hks_mbedtls_rsa.o
[72/250] gcc cross compiler obj/base/security/huks/services/huks_standard/huks_engine/main/core/src/libhuks_3.0_sdk.hks_core_service.o
[73/250] gcc cross compiler obj/base/security/huks/frameworks/huks_standard/main/crypto_engine/mbedtls/src/libhuks_3.0_sdk.hks_mbedtls_aes.o
[74/250] gcc cross compiler obj/base/security/huks/services/huks_standard/huks_service/main/core/src/libhuks_3.0_sdk.hks_storage_lite.o
[75/250] gcc cross compiler obj/base/security/huks/services/huks_standard/huks_engine/main/core/src/libhuks_3.0_sdk.hks_rkc_rw.o
[76/250] gcc cross compiler obj/base/security/huks/frameworks/huks_standard/main/crypto_engine/mbedtls/src/libhuks_3.0_sdk.hks_mbedtls_ecdh.o
[77/250] gcc cross compiler obj/base/security/huks/services/huks_standard/huks_engine/main/core/src/libhuks_3.0_sdk.hks_upgrade_key_info.o
[78/250] gcc cross compiler obj/base/security/huks/frameworks/huks_standard/main/crypto_engine/mbedtls/src/libhuks_3.0_sdk.hks_mbedtls_ecdsa.o
[79/250] gcc cross compiler obj/base/security/huks/frameworks/huks_standard/main/common/src/libhuks_3.0_sdk.hks_check_paramset.o
../../../base/security/huks/frameworks/huks_standard/main/common/src/hks_check_paramset.c:309:16: warning: 'CheckSignVerifyParamsByAlg' defined but not used [-Wunused-function]
 static int32_t CheckSignVerifyParamsByAlg(uint32_t cmdId, uint32_t alg, const struct ParamsValues *inputParams)
                ^~~~~~~~~~~~~~~~~~~~~~~~~~
[80/250] gcc cross compiler obj/base/security/huks/interfaces/innerkits/huks_lite/libhuks_3.0_sdk.hks_tmp_client.o
[81/250] gcc cross compiler obj/base/hiviewdfx/hiview_lite/libhiview_lite.hiview_file.o
../../../base/hiviewdfx/hiview_lite/hiview_file.c: In function 'ReadFileHeader':
../../../base/hiviewdfx/hiview_lite/hiview_file.c:123:12: warning: unused variable 't' [-Wunused-variable]
     uint32 t = (uint32)(HIVIEW_GetCurrentTime() / MS_PER_SECOND);
            ^
../../../base/hiviewdfx/hiview_lite/hiview_file.c: At top level:
../../../base/hiviewdfx/hiview_lite/hiview_file.c:23:15: warning: 'GetReadCursor' declared 'static' but never defined [-Wunused-function]
 static uint16 GetReadCursor(HiviewFile *fp);
               ^~~~~~~~~~~~~
[82/250] gcc cross compiler obj/base/security/huks/frameworks/huks_standard/main/crypto_engine/mbedtls/src/libhuks_3.0_sdk.hks_mbedtls_bn.o
[83/250] gcc cross compiler obj/base/security/huks/frameworks/huks_standard/main/crypto_engine/mbedtls/src/libhuks_3.0_sdk.hks_mbedtls_ecc.o
[84/250] gcc cross compiler obj/base/security/huks/frameworks/huks_standard/main/crypto_engine/mbedtls/src/libhuks_3.0_sdk.hks_mbedtls_hash.o
[85/250] gcc cross compiler obj/base/security/huks/services/huks_standard/huks_engine/main/core/src/libhuks_3.0_sdk.hks_keyblob.o
[86/250] gcc cross compiler obj/base/security/huks/frameworks/huks_standard/main/crypto_engine/mbedtls/src/libhuks_3.0_sdk.hks_mbedtls_common.o
[87/250] gcc cross compiler obj/base/security/huks/services/huks_standard/huks_service/main/core/src/libhuks_3.0_sdk.hks_storage_adapter.o
[88/250] gcc cross compiler obj/base/security/huks/frameworks/huks_standard/main/crypto_engine/mbedtls/src/libhuks_3.0_sdk.hks_crypto_ed25519.o
[89/250] gcc cross compiler obj/base/security/huks/services/huks_standard/huks_engine/main/core/src/libhuks_3.0_sdk.hks_rkc.o
[90/250] gcc cross compiler obj/base/security/huks/interfaces/innerkits/huks_standard/main/src/libhuks_3.0_sdk.hks_api.o
[91/250] gcc cross compiler obj/base/security/huks/services/huks_standard/huks_engine/main/core/src/libhuks_3.0_sdk.hks_keyblob_lite.o
[92/250] gcc cross compiler obj/base/security/huks/frameworks/huks_standard/main/crypto_engine/mbedtls/src/libhuks_3.0_sdk.hks_mbedtls_hmac.o
[93/250] gcc cross compiler obj/base/hiviewdfx/blackbox/libblackbox.blackbox_core.o
In file included from ../../../base/hiviewdfx/blackbox/blackbox_core.c:23:0:
../../../utils/native/lite/include/utils_list.h:380:0: warning: "OFFSET_OF_FIELD" redefined
 #define OFFSET_OF_FIELD(type, field) ((unsigned int)&((type *)0)->field)
 
In file included from ../../../device/hisilicon/hispark_pegasus/sdk_liteos/platform/os/Huawei_LiteOS/components/lib/libc/musl/include/pthread.h:15:0,
                 from ../../../base/hiviewdfx/blackbox/blackbox_core.c:21:
../../../device/hisilicon/hispark_pegasus/sdk_liteos/platform/os/Huawei_LiteOS/kernel/include/los_list.h:267:0: note: this is the location of the previous definition
 #define OFFSET_OF_FIELD(type, field) ((UINT32)&(((type *)0)->field))
 
../../../base/hiviewdfx/blackbox/blackbox_core.c: In function 'GetDirName':
../../../base/hiviewdfx/blackbox/blackbox_core.c:57:17: warning: initialization discards 'const' qualifier from pointer target type [-Wdiscarded-qualifiers]
     char *end = path + strlen(path);
                 ^~~~
../../../base/hiviewdfx/blackbox/blackbox_core.c: In function 'SaveErrorLog':
../../../base/hiviewdfx/blackbox/blackbox_core.c:143:33: warning: unused parameter 'param' [-Wunused-parameter]
 static void* SaveErrorLog(void *param)
                                 ^~~~~
[94/250] gcc cross compiler obj/base/security/huks/frameworks/huks_standard/main/crypto_engine/mbedtls/src/libhuks_3.0_sdk.hks_mbedtls_kdf.o
[95/250] STAMP obj/base/startup/syspara_lite/frameworks/token/token_notes.stamp
[96/250] gcc cross compiler obj/base/startup/syspara_lite/frameworks/parameter/src/param_impl_hal/libsysparam.param_impl_hal.o
[97/250] gcc cross compiler obj/base/startup/bootstrap_lite/services/source/libbootstrap.system_init.o
[98/250] gcc cross compiler obj/base/security/huks/frameworks/huks_standard/main/common/src/libhuks_3.0_sdk.hks_base_check.o
../../../base/security/huks/frameworks/huks_standard/main/common/src/hks_base_check.c: In function 'HksCheckSignature':
../../../base/security/huks/frameworks/huks_standard/main/common/src/hks_base_check.c:1016:36: warning: unused parameter 'cmdId' [-Wunused-parameter]
 int32_t HksCheckSignature(uint32_t cmdId, uint32_t alg, const struct HksBlob *key, const struct HksBlob *signature)
                                    ^~~~~
../../../base/security/huks/frameworks/huks_standard/main/common/src/hks_base_check.c:1016:106: warning: unused parameter 'signature' [-Wunused-parameter]
 int32_t HksCheckSignature(uint32_t cmdId, uint32_t alg, const struct HksBlob *key, const struct HksBlob *signature)
                                                                                                          ^~~~~~~~~
[99/250] gcc cross compiler obj/base/startup/bootstrap_lite/services/source/libbootstrap.bootstrap_service.o
[100/250] gcc cross compiler obj/base/security/huks/frameworks/huks_standard/main/crypto_engine/mbedtls/src/libhuks_3.0_sdk.hks_mbedtls_x25519.o
[101/250] gcc cross compiler obj/base/startup/syspara_lite/frameworks/token/src/token_impl_hal/libtoken_static.token.o
[102/250] gcc cross compiler obj/base/update/ota_lite/frameworks/source/verify/libhota.app_rsa.o
[103/250] STAMP obj/base/update/ota_lite/frameworks/test.stamp
[104/250] STAMP obj/build/lite/config/component/cJSON/cjson_shared.stamp
[105/250] STAMP obj/build/lite/mark_as_prebuilts.stamp
[106/250] STAMP obj/build/lite/ndk.stamp
[107/250] STAMP obj/base/update/ota_lite/frameworks/update_api.stamp
[108/250] gcc cross compiler obj/base/update/ota_lite/frameworks/source/verify/libhota.app_sha256.o
[109/250] gcc cross compiler obj/third_party/cJSON/libcjson_static.cJSON.o
[110/250] gcc cross compiler obj/third_party/cJSON/libcjson_static.cJSON_Utils.o
[111/250] gcc cross compiler obj/device/hisilicon/hispark_pegasus/hi3861_adapter/hals/iot_hardware/wifiiot_lite/libhal_iothardware.hal_iot_flash.o
[112/250] gcc cross compiler obj/device/hisilicon/hispark_pegasus/hi3861_adapter/hals/iot_hardware/wifiiot_lite/libhal_iothardware.hal_iot_gpio.o
[113/250] gcc cross compiler obj/device/hisilicon/hispark_pegasus/hi3861_adapter/hals/iot_hardware/wifiiot_lite/libhal_iothardware.hal_iot_pwm.o
[114/250] gcc cross compiler obj/device/hisilicon/hispark_pegasus/hi3861_adapter/hals/iot_hardware/wifiiot_lite/libhal_iothardware.hal_iot_uart.o
[115/250] gcc cross compiler obj/device/hisilicon/hispark_pegasus/hi3861_adapter/hals/communication/wifi_lite/wifiaware/source/libhal_wifiaware.hal_wifiaware.o
[116/250] STAMP obj/device/hisilicon/hispark_pegasus/hispark_pegasus.stamp
[117/250] gcc cross compiler obj/device/hisilicon/hispark_pegasus/hi3861_adapter/hals/communication/wifi_lite/wifiservice/source/libwifiservice.wifi_device_util.o
[118/250] gcc cross compiler obj/base/update/ota_lite/frameworks/source/verify/libhota.hota_verify.o
In file included from ../../../base/update/ota_lite/frameworks/source/verify/hota_verify.c:21:0:
../../../base/update/ota_lite/hals/hal_hota_board.h:111:1: warning: function declaration isn't a prototype [-Wstrict-prototypes]
 const ComponentTableInfo *HotaHalGetPartitionInfo();
 ^~~~~
[119/250] gcc cross compiler obj/device/hisilicon/hispark_pegasus/hi3861_adapter/kal/cmsis/libcmsis.cmsis_liteos.o
[120/250] gcc cross compiler obj/device/hisilicon/hispark_pegasus/hi3861_adapter/hals/iot_hardware/wifiiot_lite/libhal_iothardware.hal_lowpower.o
[121/250] gcc cross compiler obj/device/hisilicon/hispark_pegasus/hi3861_adapter/hals/iot_hardware/wifiiot_lite/libhal_iothardware.hal_iot_watchdog.o
[122/250] gcc cross compiler obj/device/hisilicon/hispark_pegasus/hi3861_adapter/hals/iot_hardware/wifiiot_lite/libhal_iothardware.hal_reset.o
[123/250] gcc cross compiler obj/device/hisilicon/hispark_pegasus/hi3861_adapter/hals/utils/file/src/libhal_file_static.hal_file.o
[124/250] gcc cross compiler obj/device/hisilicon/hispark_pegasus/hi3861_adapter/kal/posix/src/libposix.libc.o
[125/250] gcc cross compiler obj/device/hisilicon/hispark_pegasus/hi3861_adapter/kal/posix/src/libposix.file.o
[126/250] gcc cross compiler obj/device/hisilicon/hispark_pegasus/hi3861_adapter/kal/posix/src/libposix.time.o
[127/250] gcc cross compiler obj/device/hisilicon/hispark_pegasus/hi3861_adapter/kal/posix/src/libposix.pthread_attr.o
[128/250] gcc cross compiler obj/base/startup/syspara_lite/frameworks/parameter/src/libsysparam.parameter_common.o
../../../base/startup/syspara_lite/frameworks/parameter/src/parameter_common.c: In function 'GetSha256Value':
../../../base/startup/syspara_lite/frameworks/parameter/src/parameter_common.c:274:41: warning: pointer targets in passing argument 2 of 'mbedtls_sha256_update_ret' differ in signedness [-Wpointer-sign]
     mbedtls_sha256_update_ret(&context, input, strlen(input));
                                         ^~~~~
In file included from ../../../base/startup/syspara_lite/frameworks/parameter/src/parameter_common.c:22:0:
../../../third_party/mbedtls/include/mbedtls/sha256.h:148:5: note: expected 'const unsigned char *' but argument is of type 'const char *'
 int mbedtls_sha256_update_ret( mbedtls_sha256_context *ctx,
     ^~~~~~~~~~~~~~~~~~~~~~~~~
[129/250] gcc cross compiler obj/device/hisilicon/hispark_pegasus/hi3861_adapter/kal/posix/src/libposix.pthread.o
[130/250] gcc cross compiler obj/foundation/communication/softbus_lite/authmanager/source/libauthmanager.bus_manager.o
[131/250] gcc cross compiler obj/foundation/communication/softbus_lite/authmanager/source/libauthmanager.auth_conn.o
[132/250] STAMP obj/domains/iot/link/link.stamp
[133/250] gcc cross compiler obj/foundation/communication/softbus_lite/authmanager/source/libauthmanager.auth_interface.o
[134/250] gcc cross compiler obj/device/hisilicon/hispark_pegasus/hi3861_adapter/hals/iot_hardware/wifiiot_lite/libhal_iothardware.hal_iot_i2c.o
../../../device/hisilicon/hispark_pegasus/hi3861_adapter/hals/iot_hardware/wifiiot_lite/hal_iot_i2c.c: In function 'IoTI2cWrite':
../../../device/hisilicon/hispark_pegasus/hi3861_adapter/hals/iot_hardware/wifiiot_lite/hal_iot_i2c.c:25:22: warning: assignment discards 'const' qualifier from pointer target type [-Wdiscarded-qualifiers]
     i2cData.send_buf = data;
                      ^
[135/250] gcc cross compiler obj/foundation/communication/softbus_lite/authmanager/source/libauthmanager.msg_get_deviceid.o
[136/250] gcc cross compiler obj/foundation/communication/softbus_lite/discovery/discovery_service/source/libdiscovery.common_info_manager.o
[137/250] gcc cross compiler obj/foundation/communication/softbus_lite/discovery/coap/source/libdiscovery.coap_discover.o
[138/250] gcc cross compiler obj/foundation/communication/softbus_lite/discovery/coap/source/libdiscovery.nstackx_common.o
[139/250] gcc cross compiler obj/foundation/communication/softbus_lite/authmanager/source/libauthmanager.wifi_auth_manager.o
[140/250] gcc cross compiler obj/foundation/communication/softbus_lite/discovery/discovery_service/source/libdiscovery.discovery_service.o
[141/250] gcc cross compiler obj/foundation/communication/softbus_lite/os_adapter/source/L0/libdiscovery.os_adapter.o
[142/250] gcc cross compiler obj/foundation/communication/softbus_lite/discovery/coap/source/libdiscovery.json_payload.o
[143/250] STAMP obj/domains/iot/link/iot.stamp
[144/250] gcc cross compiler obj/foundation/communication/softbus_lite/trans_service/source/libdistbus/libtrans_service.tcp_session.o
[145/250] gcc cross compiler obj/foundation/communication/softbus_lite/discovery/coap/source/libdiscovery.nstackx_device.o
[146/250] gcc cross compiler obj/foundation/communication/softbus_lite/discovery/coap/source/libdiscovery.coap_adapter.o
[147/250] gcc cross compiler obj/foundation/communication/softbus_lite/discovery/coap/source/libdiscovery.coap_socket.o
[148/250] gcc cross compiler obj/foundation/communication/softbus_lite/discovery/discovery_service/source/libdiscovery.coap_service.o
[149/250] gcc cross compiler obj/foundation/communication/softbus_lite/trans_service/source/libdistbus/libtrans_service.auth_conn_manager.o
[150/250] gcc cross compiler obj/foundation/distributedschedule/samgr_lite/samgr/source/libsamgr_source.feature.o
[151/250] gcc cross compiler obj/foundation/distributedschedule/samgr_lite/samgr/source/libsamgr_source.iunknown.o
[152/250] gcc cross compiler obj/foundation/distributedschedule/samgr_lite/samgr/source/libsamgr_source.message.o
[153/250] gcc cross compiler obj/foundation/distributedschedule/samgr_lite/samgr/source/libsamgr.samgr_lite.o
[154/250] gcc cross compiler obj/foundation/distributedschedule/samgr_lite/samgr/registry/libsamgr.service_registry.o
[155/250] gcc cross compiler obj/foundation/distributedschedule/samgr_lite/samgr/adapter/cmsis/libsamgr_adapter.queue_adapter.o
[156/250] gcc cross compiler obj/foundation/distributedschedule/samgr_lite/samgr/adapter/cmsis/libsamgr_adapter.thread_adapter.o
[157/250] gcc cross compiler obj/foundation/distributedschedule/samgr_lite/samgr/adapter/cmsis/libsamgr_adapter.memory_adapter.o
[158/250] gcc cross compiler obj/foundation/distributedschedule/samgr_lite/samgr/adapter/cmsis/libsamgr_adapter.time_adapter.o
[159/250] gcc cross compiler obj/foundation/distributedschedule/samgr_lite/samgr/source/libsamgr_source.common.o
[160/250] gcc cross compiler obj/foundation/distributedschedule/samgr_lite/communication/broadcast/source/libbroadcast.broadcast_service.o
[161/250] gcc cross compiler obj/foundation/communication/softbus_lite/trans_service/source/utils/libtrans_service.tcp_socket.o
[162/250] gcc cross compiler obj/foundation/communication/wifi_aware/frameworks/source/libwifiaware.wifiaware.o
[163/250] gcc cross compiler obj/foundation/communication/softbus_lite/trans_service/source/utils/libtrans_service.aes_gcm.o
[164/250] COPY ../../../foundation/distributedschedule/samgr_lite/config/system_capability.json obj/foundation/distributedschedule/samgr_lite/config/system_capability.json
[165/250] gcc cross compiler obj/foundation/communication/softbus_lite/trans_service/source/libdistbus/libtrans_service.trans_lock.o
[166/250] gcc cross compiler obj/foundation/communication/softbus_lite/trans_service/source/libdistbus/libtrans_service.tcp_session_manager.o
[167/250] gcc cross compiler obj/device/hisilicon/hispark_pegasus/hi3861_adapter/hals/communication/wifi_lite/wifiservice/source/libwifiservice.wifi_hotspot.o
../../../device/hisilicon/hispark_pegasus/hi3861_adapter/hals/communication/wifi_lite/wifiservice/source/wifi_hotspot.c: In function 'GetPeerSTAWifiIp':
../../../device/hisilicon/hispark_pegasus/hi3861_adapter/hals/communication/wifi_lite/wifiservice/source/wifi_hotspot.c:236:52: warning: passing argument 2 of 'netifapi_dhcps_get_client_ip' discards 'const' qualifier from pointer target type [-Wdiscarded-qualifiers]
     ret = netifapi_dhcps_get_client_ip(netif_node, macAddress, macLen, &clientIP);
                                                    ^~~~~~~~~~
In file included from ../../../device/hisilicon/hispark_pegasus/hi3861_adapter/hals/communication/wifi_lite/wifiservice/source/wifi_hotspot.c:19:0:
../../../device/hisilicon/hispark_pegasus/sdk_liteos/third_party/lwip_sack/include/lwip/netifapi.h:1155:7: note: expected 'u8_t * {aka unsigned char *}' but argument is of type 'const unsigned char *'
 err_t netifapi_dhcps_get_client_ip(struct netif *netif, u8_t *mac, u8_t maclen, ip_addr_t *ip);
       ^~~~~~~~~~~~~~~~~~~~~~~~~~~~
../../../device/hisilicon/hispark_pegasus/hi3861_adapter/hals/communication/wifi_lite/wifiservice/source/wifi_hotspot.c:236:72: warning: passing argument 4 of 'netifapi_dhcps_get_client_ip' from incompatible pointer type [-Wincompatible-pointer-types]
     ret = netifapi_dhcps_get_client_ip(netif_node, macAddress, macLen, &clientIP);
                                                                        ^
In file included from ../../../device/hisilicon/hispark_pegasus/hi3861_adapter/hals/communication/wifi_lite/wifiservice/source/wifi_hotspot.c:19:0:
../../../device/hisilicon/hispark_pegasus/sdk_liteos/third_party/lwip_sack/include/lwip/netifapi.h:1155:7: note: expected 'ip_addr_t * {aka struct ip_addr *}' but argument is of type 'ip4_addr_t * {aka struct ip4_addr *}'
 err_t netifapi_dhcps_get_client_ip(struct netif *netif, u8_t *mac, u8_t maclen, ip_addr_t *ip);
       ^~~~~~~~~~~~~~~~~~~~~~~~~~~~
[168/250] gcc cross compiler obj/foundation/communication/softbus_lite/trans_service/source/utils/libtrans_service.message.o
[169/250] gcc cross compiler obj/foundation/distributedschedule/samgr_lite/communication/broadcast/source/libbroadcast.pub_sub_feature.o
[170/250] gcc cross compiler obj/foundation/distributedschedule/samgr_lite/communication/broadcast/source/libbroadcast.pub_sub_implement.o
[171/250] gcc cross compiler obj/base/security/huks/frameworks/huks_standard/main/crypto_engine/mbedtls/src/libhuks_3.0_sdk.hks_mbedtls_engine.o
../../../base/security/huks/frameworks/huks_standard/main/crypto_engine/mbedtls/src/hks_mbedtls_engine.c: In function 'HksCryptoHalSign':
../../../base/security/huks/frameworks/huks_standard/main/crypto_engine/mbedtls/src/hks_mbedtls_engine.c:207:48: warning: unused parameter 'key' [-Wunused-parameter]
 int32_t HksCryptoHalSign(const struct HksBlob *key, const struct HksUsageSpec *usageSpec,
                                                ^~~
../../../base/security/huks/frameworks/huks_standard/main/crypto_engine/mbedtls/src/hks_mbedtls_engine.c:208:27: warning: unused parameter 'message' [-Wunused-parameter]
     const struct HksBlob *message, struct HksBlob *signature)
                           ^~~~~~~
../../../base/security/huks/frameworks/huks_standard/main/crypto_engine/mbedtls/src/hks_mbedtls_engine.c:208:52: warning: unused parameter 'signature' [-Wunused-parameter]
     const struct HksBlob *message, struct HksBlob *signature)
                                                    ^~~~~~~~~
../../../base/security/huks/frameworks/huks_standard/main/crypto_engine/mbedtls/src/hks_mbedtls_engine.c: In function 'HksCryptoHalVerify':
../../../base/security/huks/frameworks/huks_standard/main/crypto_engine/mbedtls/src/hks_mbedtls_engine.c:229:50: warning: unused parameter 'key' [-Wunused-parameter]
 int32_t HksCryptoHalVerify(const struct HksBlob *key, const struct HksUsageSpec *usageSpec,
                                                  ^~~
../../../base/security/huks/frameworks/huks_standard/main/crypto_engine/mbedtls/src/hks_mbedtls_engine.c:230:27: warning: unused parameter 'message' [-Wunused-parameter]
     const struct HksBlob *message, const struct HksBlob *signature)
                           ^~~~~~~
../../../base/security/huks/frameworks/huks_standard/main/crypto_engine/mbedtls/src/hks_mbedtls_engine.c:230:58: warning: unused parameter 'signature' [-Wunused-parameter]
     const struct HksBlob *message, const struct HksBlob *signature)
                                                          ^~~~~~~~~
[172/250] gcc cross compiler obj/utils/native/lite/kv_store/src/kvstore_common/libutils_kv_store.kvstore_common.o
[173/250] gcc cross compiler obj/utils/native/lite/file/src/file_impl_hal/libnative_file.file.o
[174/250] gcc cross compiler obj/utils/native/lite/kv_store/src/kvstore_impl_hal/libutils_kv_store.kv_store.o
[175/250] gcc cross compiler obj/foundation/distributedschedule/samgr_lite/samgr/source/libsamgr_source.task_manager.o
[176/250] STAMP obj/foundation/distributedschedule/samgr_lite/ConfigFiles.stamp
[177/250] STAMP obj/prebuilts/lite/sysroot/sysroot.stamp
[178/250] gcc cross compiler obj/foundation/distributedschedule/samgr_lite/samgr/source/libsamgr_source.service.o
[179/250] STAMP obj/vendor/hisilicon/hispark_pegasus/hispark_pegasus.stamp
[180/250] STAMP obj/build/lite/prebuilts.stamp
[181/250] gcc cross compiler obj/base/update/ota_lite/frameworks/source/updater/libhota.hota_updater.o
In file included from ../../../base/update/ota_lite/frameworks/source/updater/hota_updater.c:23:0:
../../../base/update/ota_lite/hals/hal_hota_board.h:111:1: warning: function declaration isn't a prototype [-Wstrict-prototypes]
 const ComponentTableInfo *HotaHalGetPartitionInfo();
 ^~~~~
../../../base/update/ota_lite/frameworks/source/updater/hota_updater.c: In function 'GetCurrentDloadCompPartition':
../../../base/update/ota_lite/frameworks/source/updater/hota_updater.c:447:21: warning: pointer targets in passing argument 1 of 'strncmp' differ in signedness [-Wpointer-sign]
         if (strncmp((unsigned char *)(g_otaComponents[i].componentName),
                     ^
In file included from ../../../device/hisilicon/hispark_pegasus/sdk_liteos/platform/os/Huawei_LiteOS/components/lib/libsec/include/securectype.h:302:0,
                 from ../../../device/hisilicon/hispark_pegasus/sdk_liteos/platform/os/Huawei_LiteOS/components/lib/libsec/include/securec.h:15,
                 from ../../../base/update/ota_lite/frameworks/source/updater/hota_updater.c:21:
../../../device/hisilicon/hispark_pegasus/sdk_liteos/platform/os/Huawei_LiteOS/components/lib/libc/musl/include/string.h:280:5: note: expected 'const char *' but argument is of type 'unsigned char *'
 int strncmp (const char *, const char *, size_t);
     ^~~~~~~
../../../base/update/ota_lite/frameworks/source/updater/hota_updater.c:448:13: warning: pointer targets in passing argument 2 of 'strncmp' differ in signedness [-Wpointer-sign]
             g_componentInfos.table[g_currentDloadComp.index - 1].addr,
             ^~~~~~~~~~~~~~~~
In file included from ../../../device/hisilicon/hispark_pegasus/sdk_liteos/platform/os/Huawei_LiteOS/components/lib/libsec/include/securectype.h:302:0,
                 from ../../../device/hisilicon/hispark_pegasus/sdk_liteos/platform/os/Huawei_LiteOS/components/lib/libsec/include/securec.h:15,
                 from ../../../base/update/ota_lite/frameworks/source/updater/hota_updater.c:21:
../../../device/hisilicon/hispark_pegasus/sdk_liteos/platform/os/Huawei_LiteOS/components/lib/libc/musl/include/string.h:280:5: note: expected 'const char *' but argument is of type 'unsigned char *'
 int strncmp (const char *, const char *, size_t);
     ^~~~~~~
../../../base/update/ota_lite/frameworks/source/updater/hota_updater.c: In function 'HotaInit':
../../../base/update/ota_lite/frameworks/source/updater/hota_updater.c:598:21: warning: assignment discards 'const' qualifier from pointer target type [-Wdiscarded-qualifiers]
     g_otaComponents = HotaHalGetPartitionInfo();
                     ^
[182/250] gcc cross compiler obj/vendor/hisilicon/hispark_pegasus/hals/utils/sys_param/libhal_sysparam.hal_sys_param.o
../../../vendor/hisilicon/hispark_pegasus/hals/utils/sys_param/hal_sys_param.c:33:19: warning: 'EMPTY_STR' defined but not used [-Wunused-const-variable=]
 static const char EMPTY_STR[] = {""};
                   ^~~~~~~~~
[183/250] STAMP obj/build/lite/product.stamp
[184/250] AR libs/libled_demo.a
[185/250] gcc cross compiler obj/vendor/hisilicon/hispark_pegasus/hals/utils/token/libhal_token_static.hal_token.o
[186/250] AR libs/libblackbox.a
[187/250] AR libs/libhidumper_mini.a
[188/250] AR libs/libhiview_lite.a
[189/250] AR libs/libbootstrap.a
[190/250] AR libs/libhal_wifiaware.a
[191/250] AR libs/libcjson_static.a
[192/250] AR libs/libhal_iothardware.a
[193/250] AR libs/libhal_file_static.a
[194/250] AR libs/libcmsis.a
[195/250] AR libs/libposix.a
[196/250] AR libs/libauthmanager.a
[197/250] STAMP obj/applications/sample/wifi-iot/app/app.stamp
[198/250] AR libs/libdiscovery.a
[199/250] AR libs/libsamgr_adapter.a
[200/250] AR libs/libtrans_service.a
[201/250] AR libs/libhievent_lite.a
[202/250] AR libs/libhilog_lite.a
[203/250] AR libs/libwifiaware.a
[204/250] STAMP obj/build/lite/config/component/cJSON/cjson_ndk.stamp
[205/250] STAMP obj/base/iot_hardware/peripheral/iothardware_ndk.stamp
[206/250] STAMP obj/base/iot_hardware/peripheral/iothardware.stamp
[207/250] AR libs/libbroadcast.a
[208/250] STAMP obj/device/hisilicon/hispark_pegasus/hi3861_adapter/kal/kal.stamp
[209/250] AR libs/libutils_kv_store.a
[210/250] AR libs/libnative_file.a
[211/250] STAMP obj/foundation/communication/softbus_lite/discovery_ndk.stamp
[212/250] AR libs/libsamgr_source.a
[213/250] STAMP obj/foundation/communication/softbus_lite/softbus.stamp
[214/250] STAMP obj/foundation/communication/softbus_lite/trans_service_ndk.stamp
[215/250] STAMP obj/base/hiviewdfx/hilog_lite/frameworks/mini/hilog_lite_ndk.stamp
[216/250] AR libs/libhal_token_static.a
[217/250] AR libs/libhal_sysparam.a
[218/250] STAMP obj/device/hisilicon/hispark_pegasus/sdk_liteos/sdk.stamp
[219/250] STAMP obj/utils/native/lite/kv_store/kv_store.stamp
[220/250] gcc cross compiler obj/device/hisilicon/hispark_pegasus/hi3861_adapter/hals/update/libhal_update_static.hal_hota_board.o
In file included from ../../../device/hisilicon/hispark_pegasus/hi3861_adapter/hals/update/hal_hota_board.c:16:0:
../../../base/update/ota_lite/hals/hal_hota_board.h:111:1: warning: function declaration isn't a prototype [-Wstrict-prototypes]
 const ComponentTableInfo *HotaHalGetPartitionInfo();
 ^~~~~
../../../device/hisilicon/hispark_pegasus/hi3861_adapter/hals/update/hal_hota_board.c:148:27: warning: function declaration isn't a prototype [-Wstrict-prototypes]
 const ComponentTableInfo *HotaHalGetPartitionInfo()
                           ^~~~~~~~~~~~~~~~~~~~~~~
../../../device/hisilicon/hispark_pegasus/hi3861_adapter/hals/update/hal_hota_board.c: In function 'HotaHalGetOtaPkgPath':
../../../device/hisilicon/hispark_pegasus/hi3861_adapter/hals/update/hal_hota_board.c:172:15: warning: implicit declaration of function 'strcpy_s' [-Wimplicit-function-declaration]
     int ret = strcpy_s(path, len ,"/sdcard");
               ^~~~~~~~
../../../device/hisilicon/hispark_pegasus/hi3861_adapter/hals/update/hal_hota_board.c: In function 'HotaHalGetMetaData':
../../../device/hisilicon/hispark_pegasus/hi3861_adapter/hals/update/hal_hota_board.c:184:40: warning: unused parameter 'metaData' [-Wunused-parameter]
 int HotaHalGetMetaData(UpdateMetaData *metaData)
                                        ^~~~~~~~
../../../device/hisilicon/hispark_pegasus/hi3861_adapter/hals/update/hal_hota_board.c: In function 'HotaHalSetMetaData':
../../../device/hisilicon/hispark_pegasus/hi3861_adapter/hals/update/hal_hota_board.c:189:40: warning: unused parameter 'metaData' [-Wunused-parameter]
 int HotaHalSetMetaData(UpdateMetaData *metaData)
                                        ^~~~~~~~
../../../device/hisilicon/hispark_pegasus/hi3861_adapter/hals/update/hal_hota_board.c: In function 'HotaHalCheckVersionValid':
../../../device/hisilicon/hispark_pegasus/hi3861_adapter/hals/update/hal_hota_board.c:206:13: warning: implicit declaration of function 'strncmp' [-Wimplicit-function-declaration]
     return (strncmp(currentVersion, pkgVersion, pkgVersionLength) == 0) ? 1 : 0;
             ^~~~~~~
[221/250] STAMP obj/utils/native/lite/file/file.stamp
[222/250] AR libs/libsamgr.a
[223/250] STAMP obj/foundation/communication/softbus_lite/softbus_lite_ndk.stamp
[224/250] AR libs/libtoken_static.a
[225/250] AR libs/libsysparam.a
[226/250] STAMP obj/device/hisilicon/hispark_pegasus/sdk_liteos/wifiiot_sdk.stamp
[227/250] AR libs/libhal_update_static.a
[228/250] STAMP obj/foundation/distributedschedule/samgr_lite/samgr.stamp
[229/250] STAMP obj/foundation/distributedschedule/samgr_lite/samgr_lite_ndk.stamp
[230/250] STAMP obj/base/startup/syspara_lite/frameworks/token/token.stamp
[231/250] STAMP obj/base/startup/syspara_lite/frameworks/parameter/parameter.stamp
[232/250] STAMP obj/base/startup/syspara_lite/frameworks/parameter/parameter_notes.stamp
[233/250] gcc cross compiler obj/base/security/huks/services/huks_standard/huks_service/main/os_dependency/idl/passthrough/libhuks_3.0_sdk.hks_passthrough_access.o
../../../base/security/huks/services/huks_standard/huks_service/main/os_dependency/idl/passthrough/hks_passthrough_access.c: In function 'HksAccessProcessInit':
../../../base/security/huks/services/huks_standard/huks_service/main/os_dependency/idl/passthrough/hks_passthrough_access.c:96:39: warning: unused parameter 'msgId' [-Wunused-parameter]
 int32_t HksAccessProcessInit(uint32_t msgId, const struct HksBlob *key, const struct HksParamSet *paramSet,
                                       ^~~~~
../../../base/security/huks/services/huks_standard/huks_service/main/os_dependency/idl/passthrough/hks_passthrough_access.c:96:68: warning: unused parameter 'key' [-Wunused-parameter]
 int32_t HksAccessProcessInit(uint32_t msgId, const struct HksBlob *key, const struct HksParamSet *paramSet,
                                                                    ^~~
../../../base/security/huks/services/huks_standard/huks_service/main/os_dependency/idl/passthrough/hks_passthrough_access.c:96:99: warning: unused parameter 'paramSet' [-Wunused-parameter]
 int32_t HksAccessProcessInit(uint32_t msgId, const struct HksBlob *key, const struct HksParamSet *paramSet,
                                                                                                   ^~~~~~~~
../../../base/security/huks/services/huks_standard/huks_service/main/os_dependency/idl/passthrough/hks_passthrough_access.c:97:15: warning: unused parameter 'operationHandle' [-Wunused-parameter]
     uint64_t *operationHandle)
               ^~~~~~~~~~~~~~~
../../../base/security/huks/services/huks_standard/huks_service/main/os_dependency/idl/passthrough/hks_passthrough_access.c: In function 'HksAccessProcessMultiUpdate':
../../../base/security/huks/services/huks_standard/huks_service/main/os_dependency/idl/passthrough/hks_passthrough_access.c:102:46: warning: unused parameter 'msgId' [-Wunused-parameter]
 int32_t HksAccessProcessMultiUpdate(uint32_t msgId, uint64_t operationHandle, const struct HksBlob *inData,
                                              ^~~~~
../../../base/security/huks/services/huks_standard/huks_service/main/os_dependency/idl/passthrough/hks_passthrough_access.c:102:62: warning: unused parameter 'operationHandle' [-Wunused-parameter]
 int32_t HksAccessProcessMultiUpdate(uint32_t msgId, uint64_t operationHandle, const struct HksBlob *inData,
                                                              ^~~~~~~~~~~~~~~
../../../base/security/huks/services/huks_standard/huks_service/main/os_dependency/idl/passthrough/hks_passthrough_access.c:102:101: warning: unused parameter 'inData' [-Wunused-parameter]
 int32_t HksAccessProcessMultiUpdate(uint32_t msgId, uint64_t operationHandle, const struct HksBlob *inData,
                                                                                                     ^~~~~~
../../../base/security/huks/services/huks_standard/huks_service/main/os_dependency/idl/passthrough/hks_passthrough_access.c:103:21: warning: unused parameter 'outData' [-Wunused-parameter]
     struct HksBlob *outData)
                     ^~~~~~~
../../../base/security/huks/services/huks_standard/huks_service/main/os_dependency/idl/passthrough/hks_passthrough_access.c: In function 'HksAccessProcessFinal':
../../../base/security/huks/services/huks_standard/huks_service/main/os_dependency/idl/passthrough/hks_passthrough_access.c:108:40: warning: unused parameter 'msgId' [-Wunused-parameter]
 int32_t HksAccessProcessFinal(uint32_t msgId, uint64_t operationHandle, const struct HksBlob *inData,
                                        ^~~~~
../../../base/security/huks/services/huks_standard/huks_service/main/os_dependency/idl/passthrough/hks_passthrough_access.c:108:56: warning: unused parameter 'operationHandle' [-Wunused-parameter]
 int32_t HksAccessProcessFinal(uint32_t msgId, uint64_t operationHandle, const struct HksBlob *inData,
                                                        ^~~~~~~~~~~~~~~
../../../base/security/huks/services/huks_standard/huks_service/main/os_dependency/idl/passthrough/hks_passthrough_access.c:108:95: warning: unused parameter 'inData' [-Wunused-parameter]
 int32_t HksAccessProcessFinal(uint32_t msgId, uint64_t operationHandle, const struct HksBlob *inData,
                                                                                               ^~~~~~
../../../base/security/huks/services/huks_standard/huks_service/main/os_dependency/idl/passthrough/hks_passthrough_access.c:109:21: warning: unused parameter 'outData' [-Wunused-parameter]
     struct HksBlob *outData)
                     ^~~~~~~
[234/250] AR libs/libhota.a
[235/250] STAMP obj/base/update/ota_lite/frameworks/ota_lite.stamp
[236/250] gcc cross compiler obj/utils/native/lite/os_dump/libdump_static.dump_syspara.o
In file included from ../../../utils/native/lite/os_dump/dump_syspara.c:16:0:
../../../utils/native/lite/os_dump/dump_syspara.h:21:5: warning: function declaration isn't a prototype [-Wstrict-prototypes]
     char *(*getInfoValue)();
     ^~~~
../../../utils/native/lite/os_dump/dump_syspara.h:24:1: warning: function declaration isn't a prototype [-Wstrict-prototypes]
 int QuerySysparaCmd();
 ^~~
../../../utils/native/lite/os_dump/dump_syspara.c:26:20: warning: function declaration isn't a prototype [-Wstrict-prototypes]
 static const char* GetSdkApiLevel()
                    ^~~~~~~~~~~~~~
../../../utils/native/lite/os_dump/dump_syspara.c: In function 'GetSdkApiLevel':
../../../utils/native/lite/os_dump/dump_syspara.c:30:5: warning: implicit declaration of function 'sprintf_s'; did you mean 'sprintf'? [-Wimplicit-function-declaration]
     sprintf_s(sdkApiVersion, API_VERSION_LEN, "%d", sdkApi);
     ^~~~~~~~~
     sprintf
../../../utils/native/lite/os_dump/dump_syspara.c: At top level:
../../../utils/native/lite/os_dump/dump_syspara.c:34:20: warning: function declaration isn't a prototype [-Wstrict-prototypes]
 static const char* GetFirstApiLevel()
                    ^~~~~~~~~~~~~~~~
../../../utils/native/lite/os_dump/dump_syspara.c:43:20: warning: initialization from incompatible pointer type [-Wincompatible-pointer-types]
     {"DeviceType", GetDeviceType},
                    ^~~~~~~~~~~~~
../../../utils/native/lite/os_dump/dump_syspara.c:43:20: note: (near initialization for 'SYSPARA_LIST[0].getInfoValue')
../../../utils/native/lite/os_dump/dump_syspara.c:44:21: warning: initialization from incompatible pointer type [-Wincompatible-pointer-types]
     {"Manufacture", GetManufacture},
                     ^~~~~~~~~~~~~~
../../../utils/native/lite/os_dump/dump_syspara.c:44:21: note: (near initialization for 'SYSPARA_LIST[1].getInfoValue')
../../../utils/native/lite/os_dump/dump_syspara.c:45:15: warning: initialization from incompatible pointer type [-Wincompatible-pointer-types]
     {"Brand", GetBrand},
               ^~~~~~~~
../../../utils/native/lite/os_dump/dump_syspara.c:45:15: note: (near initialization for 'SYSPARA_LIST[2].getInfoValue')
../../../utils/native/lite/os_dump/dump_syspara.c:46:20: warning: initialization from incompatible pointer type [-Wincompatible-pointer-types]
     {"MarketName", GetMarketName},
                    ^~~~~~~~~~~~~
../../../utils/native/lite/os_dump/dump_syspara.c:46:20: note: (near initialization for 'SYSPARA_LIST[3].getInfoValue')
../../../utils/native/lite/os_dump/dump_syspara.c:47:23: warning: initialization from incompatible pointer type [-Wincompatible-pointer-types]
     {"ProductSeries", GetProductSeries},
                       ^~~~~~~~~~~~~~~~
../../../utils/native/lite/os_dump/dump_syspara.c:47:23: note: (near initialization for 'SYSPARA_LIST[4].getInfoValue')
../../../utils/native/lite/os_dump/dump_syspara.c:48:22: warning: initialization from incompatible pointer type [-Wincompatible-pointer-types]
     {"ProductModel", GetProductModel},
                      ^~~~~~~~~~~~~~~
../../../utils/native/lite/os_dump/dump_syspara.c:48:22: note: (near initialization for 'SYSPARA_LIST[5].getInfoValue')
../../../utils/native/lite/os_dump/dump_syspara.c:49:23: warning: initialization from incompatible pointer type [-Wincompatible-pointer-types]
     {"SoftwareModel", GetSoftwareModel},
                       ^~~~~~~~~~~~~~~~
../../../utils/native/lite/os_dump/dump_syspara.c:49:23: note: (near initialization for 'SYSPARA_LIST[6].getInfoValue')
../../../utils/native/lite/os_dump/dump_syspara.c:50:23: warning: initialization from incompatible pointer type [-Wincompatible-pointer-types]
     {"HardwareModel", GetHardwareModel},
                       ^~~~~~~~~~~~~~~~
../../../utils/native/lite/os_dump/dump_syspara.c:50:23: note: (near initialization for 'SYSPARA_LIST[7].getInfoValue')
../../../utils/native/lite/os_dump/dump_syspara.c:51:16: warning: initialization from incompatible pointer type [-Wincompatible-pointer-types]
     {"Serial", GetSerial},
                ^~~~~~~~~
../../../utils/native/lite/os_dump/dump_syspara.c:51:16: note: (near initialization for 'SYSPARA_LIST[8].getInfoValue')
../../../utils/native/lite/os_dump/dump_syspara.c:52:20: warning: initialization from incompatible pointer type [-Wincompatible-pointer-types]
     {"OSFullName", GetOSFullName},
                    ^~~~~~~~~~~~~
../../../utils/native/lite/os_dump/dump_syspara.c:52:20: note: (near initialization for 'SYSPARA_LIST[9].getInfoValue')
../../../utils/native/lite/os_dump/dump_syspara.c:53:24: warning: initialization from incompatible pointer type [-Wincompatible-pointer-types]
     {"DisplayVersion", GetDisplayVersion},
                        ^~~~~~~~~~~~~~~~~
../../../utils/native/lite/os_dump/dump_syspara.c:53:24: note: (near initialization for 'SYSPARA_LIST[10].getInfoValue')
../../../utils/native/lite/os_dump/dump_syspara.c:54:27: warning: initialization from incompatible pointer type [-Wincompatible-pointer-types]
     {"BootloaderVersion", GetBootloaderVersion},
                           ^~~~~~~~~~~~~~~~~~~~
../../../utils/native/lite/os_dump/dump_syspara.c:54:27: note: (near initialization for 'SYSPARA_LIST[11].getInfoValue')
../../../utils/native/lite/os_dump/dump_syspara.c:55:29: warning: initialization from incompatible pointer type [-Wincompatible-pointer-types]
     {"GetSecurityPatchTag", GetSecurityPatchTag},
                             ^~~~~~~~~~~~~~~~~~~
../../../utils/native/lite/os_dump/dump_syspara.c:55:29: note: (near initialization for 'SYSPARA_LIST[12].getInfoValue')
../../../utils/native/lite/os_dump/dump_syspara.c:56:17: warning: initialization from incompatible pointer type [-Wincompatible-pointer-types]
     {"AbiList", GetAbiList},
                 ^~~~~~~~~~
../../../utils/native/lite/os_dump/dump_syspara.c:56:17: note: (near initialization for 'SYSPARA_LIST[13].getInfoValue')
../../../utils/native/lite/os_dump/dump_syspara.c:57:23: warning: initialization from incompatible pointer type [-Wincompatible-pointer-types]
     {"SdkApiVersion", GetSdkApiLevel},
                       ^~~~~~~~~~~~~~
../../../utils/native/lite/os_dump/dump_syspara.c:57:23: note: (near initialization for 'SYSPARA_LIST[14].getInfoValue')
../../../utils/native/lite/os_dump/dump_syspara.c:58:25: warning: initialization from incompatible pointer type [-Wincompatible-pointer-types]
     {"FirstApiVersion", GetFirstApiLevel},
                         ^~~~~~~~~~~~~~~~
../../../utils/native/lite/os_dump/dump_syspara.c:58:25: note: (near initialization for 'SYSPARA_LIST[15].getInfoValue')
../../../utils/native/lite/os_dump/dump_syspara.c:59:28: warning: initialization from incompatible pointer type [-Wincompatible-pointer-types]
     {"IncrementalVersion", GetIncrementalVersion},
                            ^~~~~~~~~~~~~~~~~~~~~
../../../utils/native/lite/os_dump/dump_syspara.c:59:28: note: (near initialization for 'SYSPARA_LIST[16].getInfoValue')
../../../utils/native/lite/os_dump/dump_syspara.c:60:19: warning: initialization from incompatible pointer type [-Wincompatible-pointer-types]
     {"VersionId", GetVersionId},
                   ^~~~~~~~~~~~
../../../utils/native/lite/os_dump/dump_syspara.c:60:19: note: (near initialization for 'SYSPARA_LIST[17].getInfoValue')
../../../utils/native/lite/os_dump/dump_syspara.c:61:19: warning: initialization from incompatible pointer type [-Wincompatible-pointer-types]
     {"BuildType", GetBuildType},
                   ^~~~~~~~~~~~
../../../utils/native/lite/os_dump/dump_syspara.c:61:19: note: (near initialization for 'SYSPARA_LIST[18].getInfoValue')
../../../utils/native/lite/os_dump/dump_syspara.c:62:19: warning: initialization from incompatible pointer type [-Wincompatible-pointer-types]
     {"BuildUser", GetBuildUser},
                   ^~~~~~~~~~~~
../../../utils/native/lite/os_dump/dump_syspara.c:62:19: note: (near initialization for 'SYSPARA_LIST[19].getInfoValue')
../../../utils/native/lite/os_dump/dump_syspara.c:63:19: warning: initialization from incompatible pointer type [-Wincompatible-pointer-types]
     {"BuildHost", GetBuildHost},
                   ^~~~~~~~~~~~
../../../utils/native/lite/os_dump/dump_syspara.c:63:19: note: (near initialization for 'SYSPARA_LIST[20].getInfoValue')
../../../utils/native/lite/os_dump/dump_syspara.c:64:19: warning: initialization from incompatible pointer type [-Wincompatible-pointer-types]
     {"BuildTime", GetBuildTime},
                   ^~~~~~~~~~~~
../../../utils/native/lite/os_dump/dump_syspara.c:64:19: note: (near initialization for 'SYSPARA_LIST[21].getInfoValue')
../../../utils/native/lite/os_dump/dump_syspara.c:65:23: warning: initialization from incompatible pointer type [-Wincompatible-pointer-types]
     {"BuildRootHash", GetBuildRootHash},
                       ^~~~~~~~~~~~~~~~
../../../utils/native/lite/os_dump/dump_syspara.c:65:23: note: (near initialization for 'SYSPARA_LIST[22].getInfoValue')
../../../utils/native/lite/os_dump/dump_syspara.c:68:5: warning: function declaration isn't a prototype [-Wstrict-prototypes]
 int QuerySysparaCmd()
     ^~~~~~~~~~~~~~~
[237/250] gcc cross compiler obj/base/security/huks/services/huks_standard/huks_service/main/core/src/libhuks_3.0_sdk.hks_client_service.o
../../../base/security/huks/services/huks_standard/huks_service/main/core/src/hks_client_service.c: In function 'HksServiceSignWithDeviceKey':
../../../base/security/huks/services/huks_standard/huks_service/main/core/src/hks_client_service.c:1214:59: warning: unused parameter 'processName' [-Wunused-parameter]
 int32_t HksServiceSignWithDeviceKey(const struct HksBlob *processName, uint32_t keyId,
                                                           ^~~~~~~~~~~
../../../base/security/huks/services/huks_standard/huks_service/main/core/src/hks_client_service.c:1214:81: warning: unused parameter 'keyId' [-Wunused-parameter]
 int32_t HksServiceSignWithDeviceKey(const struct HksBlob *processName, uint32_t keyId,
                                                                                 ^~~~~
../../../base/security/huks/services/huks_standard/huks_service/main/core/src/hks_client_service.c:1215:31: warning: unused parameter 'paramSet' [-Wunused-parameter]
     const struct HksParamSet *paramSet, const struct HksBlob *srcData, struct HksBlob *signature)
                               ^~~~~~~~
../../../base/security/huks/services/huks_standard/huks_service/main/core/src/hks_client_service.c:1215:63: warning: unused parameter 'srcData' [-Wunused-parameter]
     const struct HksParamSet *paramSet, const struct HksBlob *srcData, struct HksBlob *signature)
                                                               ^~~~~~~
../../../base/security/huks/services/huks_standard/huks_service/main/core/src/hks_client_service.c:1215:88: warning: unused parameter 'signature' [-Wunused-parameter]
     const struct HksParamSet *paramSet, const struct HksBlob *srcData, struct HksBlob *signature)
                                                                                        ^~~~~~~~~
../../../base/security/huks/services/huks_standard/huks_service/main/core/src/hks_client_service.c: In function 'HksServiceAttestKey':
../../../base/security/huks/services/huks_standard/huks_service/main/core/src/hks_client_service.c:1220:51: warning: unused parameter 'processName' [-Wunused-parameter]
 int32_t HksServiceAttestKey(const struct HksBlob *processName, const struct HksBlob *keyAlias,
                                                   ^~~~~~~~~~~
../../../base/security/huks/services/huks_standard/huks_service/main/core/src/hks_client_service.c:1220:86: warning: unused parameter 'keyAlias' [-Wunused-parameter]
 int32_t HksServiceAttestKey(const struct HksBlob *processName, const struct HksBlob *keyAlias,
                                                                                      ^~~~~~~~
../../../base/security/huks/services/huks_standard/huks_service/main/core/src/hks_client_service.c:1221:31: warning: unused parameter 'paramSet' [-Wunused-parameter]
     const struct HksParamSet *paramSet, struct HksBlob *certChain)
                               ^~~~~~~~
../../../base/security/huks/services/huks_standard/huks_service/main/core/src/hks_client_service.c:1221:57: warning: unused parameter 'certChain' [-Wunused-parameter]
     const struct HksParamSet *paramSet, struct HksBlob *certChain)
                                                         ^~~~~~~~~
../../../base/security/huks/services/huks_standard/huks_service/main/core/src/hks_client_service.c: In function 'HksServiceGetCertificateChain':
../../../base/security/huks/services/huks_standard/huks_service/main/core/src/hks_client_service.c:1226:61: warning: unused parameter 'processName' [-Wunused-parameter]
 int32_t HksServiceGetCertificateChain(const struct HksBlob *processName, const struct HksBlob *keyAlias,
                                                             ^~~~~~~~~~~
../../../base/security/huks/services/huks_standard/huks_service/main/core/src/hks_client_service.c:1226:96: warning: unused parameter 'keyAlias' [-Wunused-parameter]
 int32_t HksServiceGetCertificateChain(const struct HksBlob *processName, const struct HksBlob *keyAlias,
                                                                                                ^~~~~~~~
../../../base/security/huks/services/huks_standard/huks_service/main/core/src/hks_client_service.c:1227:31: warning: unused parameter 'paramSet' [-Wunused-parameter]
     const struct HksParamSet *paramSet, struct HksBlob *certChain)
                               ^~~~~~~~
../../../base/security/huks/services/huks_standard/huks_service/main/core/src/hks_client_service.c:1227:57: warning: unused parameter 'certChain' [-Wunused-parameter]
     const struct HksParamSet *paramSet, struct HksBlob *certChain)
                                                         ^~~~~~~~~
../../../base/security/huks/services/huks_standard/huks_service/main/core/src/hks_client_service.c: In function 'HksServiceWrapKey':
../../../base/security/huks/services/huks_standard/huks_service/main/core/src/hks_client_service.c:1232:49: warning: unused parameter 'processName' [-Wunused-parameter]
 int32_t HksServiceWrapKey(const struct HksBlob *processName, const struct HksBlob *keyAlias,
                                                 ^~~~~~~~~~~
../../../base/security/huks/services/huks_standard/huks_service/main/core/src/hks_client_service.c:1232:84: warning: unused parameter 'keyAlias' [-Wunused-parameter]
 int32_t HksServiceWrapKey(const struct HksBlob *processName, const struct HksBlob *keyAlias,
                                                                                    ^~~~~~~~
../../../base/security/huks/services/huks_standard/huks_service/main/core/src/hks_client_service.c:1233:27: warning: unused parameter 'targetKeyAlias' [-Wunused-parameter]
     const struct HksBlob *targetKeyAlias, const struct HksParamSet *paramSet, struct HksBlob *wrappedData)
                           ^~~~~~~~~~~~~~
../../../base/security/huks/services/huks_standard/huks_service/main/core/src/hks_client_service.c:1233:69: warning: unused parameter 'paramSet' [-Wunused-parameter]
     const struct HksBlob *targetKeyAlias, const struct HksParamSet *paramSet, struct HksBlob *wrappedData)
                                                                     ^~~~~~~~
../../../base/security/huks/services/huks_standard/huks_service/main/core/src/hks_client_service.c:1233:95: warning: unused parameter 'wrappedData' [-Wunused-parameter]
     const struct HksBlob *targetKeyAlias, const struct HksParamSet *paramSet, struct HksBlob *wrappedData)
                                                                                               ^~~~~~~~~~~
../../../base/security/huks/services/huks_standard/huks_service/main/core/src/hks_client_service.c: In function 'HksServiceUnwrapKey':
../../../base/security/huks/services/huks_standard/huks_service/main/core/src/hks_client_service.c:1238:51: warning: unused parameter 'processName' [-Wunused-parameter]
 int32_t HksServiceUnwrapKey(const struct HksBlob *processName, const struct HksBlob *keyAlias,
                                                   ^~~~~~~~~~~
../../../base/security/huks/services/huks_standard/huks_service/main/core/src/hks_client_service.c:1238:86: warning: unused parameter 'keyAlias' [-Wunused-parameter]
 int32_t HksServiceUnwrapKey(const struct HksBlob *processName, const struct HksBlob *keyAlias,
                                                                                      ^~~~~~~~
../../../base/security/huks/services/huks_standard/huks_service/main/core/src/hks_client_service.c:1239:27: warning: unused parameter 'targetKeyAlias' [-Wunused-parameter]
     const struct HksBlob *targetKeyAlias, const struct HksBlob *wrappedData, const struct HksParamSet *paramSet)
                           ^~~~~~~~~~~~~~
../../../base/security/huks/services/huks_standard/huks_service/main/core/src/hks_client_service.c:1239:65: warning: unused parameter 'wrappedData' [-Wunused-parameter]
     const struct HksBlob *targetKeyAlias, const struct HksBlob *wrappedData, const struct HksParamSet *paramSet)
                                                                 ^~~~~~~~~~~
../../../base/security/huks/services/huks_standard/huks_service/main/core/src/hks_client_service.c:1239:104: warning: unused parameter 'paramSet' [-Wunused-parameter]
     const struct HksBlob *targetKeyAlias, const struct HksBlob *wrappedData, const struct HksParamSet *paramSet)
                                                                                                        ^~~~~~~~
../../../base/security/huks/services/huks_standard/huks_service/main/core/src/hks_client_service.c: In function 'HksServiceProvision':
../../../base/security/huks/services/huks_standard/huks_service/main/core/src/hks_client_service.c:1244:51: warning: unused parameter 'srcData' [-Wunused-parameter]
 int32_t HksServiceProvision(const struct HksBlob *srcData, const struct HksBlob *challengeIn)
                                                   ^~~~~~~
../../../base/security/huks/services/huks_standard/huks_service/main/core/src/hks_client_service.c:1244:82: warning: unused parameter 'challengeIn' [-Wunused-parameter]
 int32_t HksServiceProvision(const struct HksBlob *srcData, const struct HksBlob *challengeIn)
                                                                                  ^~~~~~~~~~~
../../../base/security/huks/services/huks_standard/huks_service/main/core/src/hks_client_service.c: In function 'HksServiceProvisionVerify':
../../../base/security/huks/services/huks_standard/huks_service/main/core/src/hks_client_service.c:1249:57: warning: unused parameter 'srcData' [-Wunused-parameter]
 int32_t HksServiceProvisionVerify(const struct HksBlob *srcData, const struct HksBlob *challengeIn)
                                                         ^~~~~~~
../../../base/security/huks/services/huks_standard/huks_service/main/core/src/hks_client_service.c:1249:88: warning: unused parameter 'challengeIn' [-Wunused-parameter]
 int32_t HksServiceProvisionVerify(const struct HksBlob *srcData, const struct HksBlob *challengeIn)
                                                                                        ^~~~~~~~~~~
../../../base/security/huks/services/huks_standard/huks_service/main/core/src/hks_client_service.c: In function 'HksServiceExportTrustCerts':
../../../base/security/huks/services/huks_standard/huks_service/main/core/src/hks_client_service.c:1254:58: warning: unused parameter 'processName' [-Wunused-parameter]
 int32_t HksServiceExportTrustCerts(const struct HksBlob *processName, struct HksBlob *certChain)
                                                          ^~~~~~~~~~~
../../../base/security/huks/services/huks_standard/huks_service/main/core/src/hks_client_service.c:1254:87: warning: unused parameter 'certChain' [-Wunused-parameter]
 int32_t HksServiceExportTrustCerts(const struct HksBlob *processName, struct HksBlob *certChain)
                                                                                       ^~~~~~~~~
[238/250] gcc cross compiler obj/device/hisilicon/hispark_pegasus/hi3861_adapter/hals/communication/wifi_lite/wifiservice/source/libwifiservice.wifi_device.o
../../../device/hisilicon/hispark_pegasus/hi3861_adapter/hals/communication/wifi_lite/wifiservice/source/wifi_device.c:41:5: warning: braces around scalar initializer
     {0}, {0}, {0}, 0, WIFI_CONFIG_INVALID, 0, 0, UNKNOWN, {0, 0, {0, 0}, 0}
     ^
../../../device/hisilicon/hispark_pegasus/hi3861_adapter/hals/communication/wifi_lite/wifiservice/source/wifi_device.c:41:5: note: (near initialization for 'g_wifiConfigs[3].ssid[5]')
../../../device/hisilicon/hispark_pegasus/hi3861_adapter/hals/communication/wifi_lite/wifiservice/source/wifi_device.c:41:63: warning: excess elements in scalar initializer
     {0}, {0}, {0}, 0, WIFI_CONFIG_INVALID, 0, 0, UNKNOWN, {0, 0, {0, 0}, 0}
                                                               ^
../../../device/hisilicon/hispark_pegasus/hi3861_adapter/hals/communication/wifi_lite/wifiservice/source/wifi_device.c:41:63: note: (near initialization for 'g_wifiConfigs[3].ssid[5]')
../../../device/hisilicon/hispark_pegasus/hi3861_adapter/hals/communication/wifi_lite/wifiservice/source/wifi_device.c:41:5: warning: braces around scalar initializer
     {0}, {0}, {0}, 0, WIFI_CONFIG_INVALID, 0, 0, UNKNOWN, {0, 0, {0, 0}, 0}
     ^
../../../device/hisilicon/hispark_pegasus/hi3861_adapter/hals/communication/wifi_lite/wifiservice/source/wifi_device.c:41:5: note: (near initialization for 'g_wifiConfigs[3].ssid[5]')
../../../device/hisilicon/hispark_pegasus/hi3861_adapter/hals/communication/wifi_lite/wifiservice/source/wifi_device.c:41:70: warning: excess elements in scalar initializer
     {0}, {0}, {0}, 0, WIFI_CONFIG_INVALID, 0, 0, UNKNOWN, {0, 0, {0, 0}, 0}
                                                                      ^
../../../device/hisilicon/hispark_pegasus/hi3861_adapter/hals/communication/wifi_lite/wifiservice/source/wifi_device.c:41:70: note: (near initialization for 'g_wifiConfigs[3].ssid[5]')
../../../device/hisilicon/hispark_pegasus/hi3861_adapter/hals/communication/wifi_lite/wifiservice/source/wifi_device.c:41:66: warning: excess elements in scalar initializer
     {0}, {0}, {0}, 0, WIFI_CONFIG_INVALID, 0, 0, UNKNOWN, {0, 0, {0, 0}, 0}
                                                                  ^
../../../device/hisilicon/hispark_pegasus/hi3861_adapter/hals/communication/wifi_lite/wifiservice/source/wifi_device.c:41:66: note: (near initialization for 'g_wifiConfigs[3].ssid[5]')
../../../device/hisilicon/hispark_pegasus/hi3861_adapter/hals/communication/wifi_lite/wifiservice/source/wifi_device.c:41:74: warning: excess elements in scalar initializer
     {0}, {0}, {0}, 0, WIFI_CONFIG_INVALID, 0, 0, UNKNOWN, {0, 0, {0, 0}, 0}
                                                                          ^
../../../device/hisilicon/hispark_pegasus/hi3861_adapter/hals/communication/wifi_lite/wifiservice/source/wifi_device.c:41:74: note: (near initialization for 'g_wifiConfigs[3].ssid[5]')
../../../device/hisilicon/hispark_pegasus/hi3861_adapter/hals/communication/wifi_lite/wifiservice/source/wifi_device.c:42:1: warning: missing initializer for field 'bssid' of 'WifiDeviceConfig {aka struct WifiDeviceConfig}' [-Wmissing-field-initializers]
 };
 ^
In file included from ../../../foundation/communication/wifi_lite/interfaces/wifiservice/wifi_linked_info.h:38:0,
                 from ../../../foundation/communication/wifi_lite/interfaces/wifiservice/wifi_event.h:40,
                 from ../../../foundation/communication/wifi_lite/interfaces/wifiservice/wifi_device.h:39,
                 from ../../../device/hisilicon/hispark_pegasus/hi3861_adapter/hals/communication/wifi_lite/wifiservice/source/wifi_device.c:16:
../../../foundation/communication/wifi_lite/interfaces/wifiservice/wifi_device_config.h:163:19: note: 'bssid' declared here
     unsigned char bssid[WIFI_MAC_LEN];
                   ^~~~~
../../../device/hisilicon/hispark_pegasus/hi3861_adapter/hals/communication/wifi_lite/wifiservice/source/wifi_device.c:40:63: warning: missing braces around initializer [-Wmissing-braces]
 static WifiDeviceConfig g_wifiConfigs[WIFI_MAX_CONFIG_SIZE] = {
                                                               ^
     {0}, {0}, {0}, 0, WIFI_CONFIG_INVALID, 0, 0, UNKNOWN, {0, 0, {0, 0}, 0}
      {}   {}   {}  {
                    {
 };
 }
 }
../../../device/hisilicon/hispark_pegasus/hi3861_adapter/hals/communication/wifi_lite/wifiservice/source/wifi_device.c: In function 'StaSetLocaladdr':
../../../device/hisilicon/hispark_pegasus/hi3861_adapter/hals/communication/wifi_lite/wifiservice/source/wifi_device.c:165:29: warning: passing argument 1 of 'netifapi_netif_set_addr' discards 'const' qualifier from pointer target type [-Wdiscarded-qualifiers]
     netifapi_netif_set_addr(netif, &st_ipaddr, &st_netmask, &st_gw);
                             ^~~~~
In file included from ../../../device/hisilicon/hispark_pegasus/hi3861_adapter/hals/communication/wifi_lite/wifiservice/source/wifi_device.c:23:0:
../../../device/hisilicon/hispark_pegasus/sdk_liteos/third_party/lwip_sack/include/lwip/netifapi.h:402:7: note: expected 'struct netif *' but argument is of type 'const struct netif *'
 err_t netifapi_netif_set_addr(struct netif *netif,
       ^~~~~~~~~~~~~~~~~~~~~~~
../../../device/hisilicon/hispark_pegasus/hi3861_adapter/hals/communication/wifi_lite/wifiservice/source/wifi_device.c: In function 'StaSetDNSServer':
../../../device/hisilicon/hispark_pegasus/hi3861_adapter/hals/communication/wifi_lite/wifiservice/source/wifi_device.c:178:9: warning: implicit declaration of function 'lwip_dns_setserver'; did you mean 'nd_ns_reserved'? [-Wimplicit-function-declaration]
         lwip_dns_setserver(i, &tmp_dns_ser[i]);
         ^~~~~~~~~~~~~~~~~~
         nd_ns_reserved
../../../device/hisilicon/hispark_pegasus/hi3861_adapter/hals/communication/wifi_lite/wifiservice/source/wifi_device.c: In function 'GetLinkedInfo':
../../../device/hisilicon/hispark_pegasus/hi3861_adapter/hals/communication/wifi_lite/wifiservice/source/wifi_device.c:899:24: warning: pointer targets in passing argument 1 of 'GetLocalWifiIp' differ in signedness [-Wpointer-sign]
     if (GetLocalWifiIp(&(result->ipAddress)) != EOK) {
                        ^
../../../device/hisilicon/hispark_pegasus/hi3861_adapter/hals/communication/wifi_lite/wifiservice/source/wifi_device.c:847:12: note: expected 'int * const' but argument is of type 'unsigned int *'
 static int GetLocalWifiIp(int * const ip)
            ^~~~~~~~~~~~~~
[239/250] AR libs/libhuks_3.0_sdk.a
[240/250] AR libs/libdump_static.a
[241/250] AR libs/libwifiservice.a
[242/250] AR libs/libhichainsdk.a
[243/250] STAMP obj/base/security/huks/frameworks/huks_lite/huks_sdk.stamp
[244/250] STAMP obj/utils/native/lite/os_dump/utils_os_dump.stamp
[245/250] STAMP obj/device/hisilicon/hispark_pegasus/hi3861_adapter/hals/communication/wifi_lite/wifiservice/wifiservice_ndk.stamp
[246/250] STAMP obj/foundation/communication/wifi_lite/wifi.stamp
[247/250] STAMP obj/base/security/deviceauth/frameworks/deviceauth_lite/hichainsdk.stamp
[248/250] STAMP obj/build/lite/ohos.stamp
[249/250] ACTION //device/hisilicon/hispark_pegasus/sdk_liteos:run_wifiiot_scons(//build/lite/toolchain:riscv32-unknown-elf)
[250/250] STAMP obj/device/hisilicon/hispark_pegasus/sdk_liteos/run_wifiiot_scons.stamp
ninja: Entering directory `D:\HuaweiMoveData\Users\20779\Desktop\huaweidzgy\3.0-lts\3.0-lts\src\out\hispark_pegasus\wifiiot_hispark_pegasus'
[1/1] Regenerating ninja files
ohos_build_compiler: gcc
hks_config_lite.h
[1/6] gcc cross compiler obj/applications/sample/wifi-iot/app/adc_key/libadc_key.adc_key.o
[2/6] AR libs/libadc_key.a
[3/6] STAMP obj/applications/sample/wifi-iot/app/app.stamp
[4/6] STAMP obj/build/lite/ohos.stamp
[5/6] ACTION //device/hisilicon/hispark_pegasus/sdk_liteos:run_wifiiot_scons(//build/lite/toolchain:riscv32-unknown-elf)
